<?xml version="1.0" encoding="UTF-8"?>
<!-- Generated by org.testng.reporters.JUnitReportReporter -->
<testsuite hostname="Dalia" failures="0" tests="6" name="sawglab.swagLabTestCases" time="7.636" errors="0" timestamp="2023-12-05T22:26:59 EET" skipped="4">
  <testcase classname="sawglab.swagLabTestCases" name="logInTest" time="0.206"/>
  <system-out/>
  <testcase classname="sawglab.swagLabTestCases" name="addBike" time="7.430"/>
  <system-out/>
  <testcase classname="sawglab.swagLabTestCases" name="addEven">
    <skipped/>
  </testcase> <!-- addEven -->
  <system-out/>
  <testcase classname="sawglab.swagLabTestCases" name="printTest">
    <skipped/>
  </testcase> <!-- printTest -->
  <system-out/>
  <testcase classname="sawglab.swagLabTestCases" name="printAllItems">
    <skipped/>
  </testcase> <!-- printAllItems -->
  <system-out/>
  <testcase classname="sawglab.swagLabTestCases" name="addAllItems">
    <skipped/>
  </testcase> <!-- addAllItems -->
  <system-out/>
</testsuite> <!-- sawglab.swagLabTestCases -->
